<?xml version="1.0" encoding="UTF-8"?>
<testng-results skipped="0" failed="0" total="1" passed="1">
  <reporter-output>
  </reporter-output>
  <suite name="Default suite" duration-ms="158558" started-at="2015-12-09T09:18:03Z" finished-at="2015-12-09T09:20:41Z">
    <groups>
    </groups>
    <test name="Default test" duration-ms="158558" started-at="2015-12-09T09:18:03Z" finished-at="2015-12-09T09:20:41Z">
      <class name="com.qtpselenium.test.PreTest">
        <test-method status="PASS" signature="Pretest()[pri:0, instance:com.qtpselenium.test.PreTest@575ec870]" name="Pretest" duration-ms="158547" started-at="2015-12-09T04:18:03Z" finished-at="2015-12-09T04:20:41Z">
          <reporter-output>
          </reporter-output>
        </test-method> <!-- Pretest -->
      </class> <!-- com.qtpselenium.test.PreTest -->
    </test> <!-- Default test -->
  </suite> <!-- Default suite -->
</testng-results>
