<?xml version="1.0" encoding="UTF-8"?>
<testng-results skipped="0" failed="1" total="1" passed="0">
  <reporter-output>
  </reporter-output>
  <suite name="Default suite" duration-ms="19502" started-at="2015-12-29T12:25:19Z" finished-at="2015-12-29T12:25:39Z">
    <groups>
    </groups>
    <test name="Default test" duration-ms="19502" started-at="2015-12-29T12:25:19Z" finished-at="2015-12-29T12:25:39Z">
      <class name="com.qtpselenium.test.PreTest">
        <test-method status="FAIL" signature="Pretest()[pri:0, instance:com.qtpselenium.test.PreTest@fb95de0]" name="Pretest" duration-ms="19471" started-at="2015-12-29T07:25:19Z" finished-at="2015-12-29T07:25:39Z">
          <exception class="org.openqa.selenium.WebDriverException">
            <message>
              <![CDATA[unknown error: Element is not clickable at point (42, 25). Other element would receive the click: <div id="pageLoad" style="padding-top:20%;text-align: center">...</div>
  (Session info: chrome=47.0.2526.106)
  (Driver info: chromedriver=2.6.232923,platform=Windows NT 6.1 SP1 x86_64) (WARNING: The server did not provide any stacktrace information)
Command duration or timeout: 32 milliseconds
Build info: version: '2.44.0', revision: '76d78cf', time: '2014-10-23 20:03:00'
System info: host: 'ATLANTISPC-274', ip: '10.210.16.49', os.name: 'Windows 7', os.arch: 'amd64', os.version: '6.1', java.version: '1.7.0_79'
Session ID: 74a6df842bc8daac9e5368e1c719da57
Driver info: org.openqa.selenium.chrome.ChromeDriver
Capabilities [{platform=XP, acceptSslCerts=true, javascriptEnabled=true, browserName=chrome, chrome={userDataDir=C:\Users\aakarg\AppData\Local\Temp\scoped_dir11084_14917}, rotatable=false, locationContextEnabled=true, version=47.0.2526.106, takesHeapSnapshot=true, cssSelectorsEnabled=true, databaseEnabled=false, handlesAlerts=true, browserConnectionEnabled=false, webStorageEnabled=true, nativeEvents=true, applicationCacheEnabled=false, takesScreenshot=true}]]]>
            </message>
            <full-stacktrace>
              <![CDATA[org.openqa.selenium.WebDriverException: unknown error: Element is not clickable at point (42, 25). Other element would receive the click: <div id="pageLoad" style="padding-top:20%;text-align: center">...</div>
  (Session info: chrome=47.0.2526.106)
  (Driver info: chromedriver=2.6.232923,platform=Windows NT 6.1 SP1 x86_64) (WARNING: The server did not provide any stacktrace information)
Command duration or timeout: 32 milliseconds
Build info: version: '2.44.0', revision: '76d78cf', time: '2014-10-23 20:03:00'
System info: host: 'ATLANTISPC-274', ip: '10.210.16.49', os.name: 'Windows 7', os.arch: 'amd64', os.version: '6.1', java.version: '1.7.0_79'
Session ID: 74a6df842bc8daac9e5368e1c719da57
Driver info: org.openqa.selenium.chrome.ChromeDriver
Capabilities [{platform=XP, acceptSslCerts=true, javascriptEnabled=true, browserName=chrome, chrome={userDataDir=C:\Users\aakarg\AppData\Local\Temp\scoped_dir11084_14917}, rotatable=false, locationContextEnabled=true, version=47.0.2526.106, takesHeapSnapshot=true, cssSelectorsEnabled=true, databaseEnabled=false, handlesAlerts=true, browserConnectionEnabled=false, webStorageEnabled=true, nativeEvents=true, applicationCacheEnabled=false, takesScreenshot=true}]
	at sun.reflect.NativeConstructorAccessorImpl.newInstance0(Native Method)
	at sun.reflect.NativeConstructorAccessorImpl.newInstance(NativeConstructorAccessorImpl.java:57)
	at sun.reflect.DelegatingConstructorAccessorImpl.newInstance(DelegatingConstructorAccessorImpl.java:45)
	at java.lang.reflect.Constructor.newInstance(Constructor.java:526)
	at org.openqa.selenium.remote.ErrorHandler.createThrowable(ErrorHandler.java:204)
	at org.openqa.selenium.remote.ErrorHandler.throwIfResponseFailed(ErrorHandler.java:156)
	at org.openqa.selenium.remote.RemoteWebDriver.execute(RemoteWebDriver.java:599)
	at org.openqa.selenium.remote.RemoteWebElement.execute(RemoteWebElement.java:268)
	at org.openqa.selenium.remote.RemoteWebElement.click(RemoteWebElement.java:79)
	at com.qtpselenium.test.PreTest.Pretest(PreTest.java:30)
	at sun.reflect.NativeMethodAccessorImpl.invoke0(Native Method)
	at sun.reflect.NativeMethodAccessorImpl.invoke(NativeMethodAccessorImpl.java:57)
	at sun.reflect.DelegatingMethodAccessorImpl.invoke(DelegatingMethodAccessorImpl.java:43)
	at java.lang.reflect.Method.invoke(Method.java:606)
	at org.testng.internal.MethodInvocationHelper.invokeMethod(MethodInvocationHelper.java:84)
	at org.testng.internal.Invoker.invokeMethod(Invoker.java:714)
	at org.testng.internal.Invoker.invokeTestMethod(Invoker.java:901)
	at org.testng.internal.Invoker.invokeTestMethods(Invoker.java:1231)
	at org.testng.internal.TestMethodWorker.invokeTestMethods(TestMethodWorker.java:127)
	at org.testng.internal.TestMethodWorker.run(TestMethodWorker.java:111)
	at org.testng.TestRunner.privateRun(TestRunner.java:767)
	at org.testng.TestRunner.run(TestRunner.java:617)
	at org.testng.SuiteRunner.runTest(SuiteRunner.java:334)
	at org.testng.SuiteRunner.runSequentially(SuiteRunner.java:329)
	at org.testng.SuiteRunner.privateRun(SuiteRunner.java:291)
	at org.testng.SuiteRunner.run(SuiteRunner.java:240)
	at org.testng.SuiteRunnerWorker.runSuite(SuiteRunnerWorker.java:52)
	at org.testng.SuiteRunnerWorker.run(SuiteRunnerWorker.java:86)
	at org.testng.TestNG.runSuitesSequentially(TestNG.java:1224)
	at org.testng.TestNG.runSuitesLocally(TestNG.java:1149)
	at org.testng.TestNG.run(TestNG.java:1057)
	at org.testng.remote.RemoteTestNG.run(RemoteTestNG.java:111)
	at org.testng.remote.RemoteTestNG.initAndRun(RemoteTestNG.java:204)
	at org.testng.remote.RemoteTestNG.main(RemoteTestNG.java:175)
]]>
            </full-stacktrace>
          </exception> <!-- org.openqa.selenium.WebDriverException -->
          <reporter-output>
          </reporter-output>
        </test-method> <!-- Pretest -->
      </class> <!-- com.qtpselenium.test.PreTest -->
    </test> <!-- Default test -->
  </suite> <!-- Default suite -->
</testng-results>
